<?xml version="1.0" encoding="UTF-8"?>
<testsuite xmlns:xsi="http://www.w3.org/2001/XMLSchema-instance" xsi:noNamespaceSchemaLocation="https://maven.apache.org/surefire/maven-surefire-plugin/xsd/surefire-test-report-3.0.xsd" version="3.0" name="dev.longluong.sb_j17.SbJ17ApplicationTests" time="2.548" tests="1" errors="0" skipped="0" failures="0">
  <properties>
    <property name="java.specification.version" value="18"/>
    <property name="sun.jnu.encoding" value="UTF-8"/>
    <property name="java.class.path" value="/home/long/dev/ AWS/sb-j17/target/test-classes:/home/long/dev/ AWS/sb-j17/target/classes:/home/long/.m2/repository/org/springframework/boot/spring-boot-starter-web/3.3.1/spring-boot-starter-web-3.3.1.jar:/home/long/.m2/repository/org/springframework/boot/spring-boot-starter/3.3.1/spring-boot-starter-3.3.1.jar:/home/long/.m2/repository/org/springframework/boot/spring-boot/3.3.1/spring-boot-3.3.1.jar:/home/long/.m2/repository/org/springframework/boot/spring-boot-autoconfigure/3.3.1/spring-boot-autoconfigure-3.3.1.jar:/home/long/.m2/repository/org/springframework/boot/spring-boot-starter-logging/3.3.1/spring-boot-starter-logging-3.3.1.jar:/home/long/.m2/repository/ch/qos/logback/logback-classic/1.5.6/logback-classic-1.5.6.jar:/home/long/.m2/repository/ch/qos/logback/logback-core/1.5.6/logback-core-1.5.6.jar:/home/long/.m2/repository/org/apache/logging/log4j/log4j-to-slf4j/2.23.1/log4j-to-slf4j-2.23.1.jar:/home/long/.m2/repository/org/apache/logging/log4j/log4j-api/2.23.1/log4j-api-2.23.1.jar:/home/long/.m2/repository/org/slf4j/jul-to-slf4j/2.0.13/jul-to-slf4j-2.0.13.jar:/home/long/.m2/repository/jakarta/annotation/jakarta.annotation-api/2.1.1/jakarta.annotation-api-2.1.1.jar:/home/long/.m2/repository/org/yaml/snakeyaml/2.2/snakeyaml-2.2.jar:/home/long/.m2/repository/org/springframework/boot/spring-boot-starter-json/3.3.1/spring-boot-starter-json-3.3.1.jar:/home/long/.m2/repository/com/fasterxml/jackson/core/jackson-databind/2.17.1/jackson-databind-2.17.1.jar:/home/long/.m2/repository/com/fasterxml/jackson/core/jackson-annotations/2.17.1/jackson-annotations-2.17.1.jar:/home/long/.m2/repository/com/fasterxml/jackson/core/jackson-core/2.17.1/jackson-core-2.17.1.jar:/home/long/.m2/repository/com/fasterxml/jackson/datatype/jackson-datatype-jdk8/2.17.1/jackson-datatype-jdk8-2.17.1.jar:/home/long/.m2/repository/com/fasterxml/jackson/datatype/jackson-datatype-jsr310/2.17.1/jackson-datatype-jsr310-2.17.1.jar:/home/long/.m2/repository/com/fasterxml/jackson/module/jackson-module-parameter-names/2.17.1/jackson-module-parameter-names-2.17.1.jar:/home/long/.m2/repository/org/springframework/boot/spring-boot-starter-tomcat/3.3.1/spring-boot-starter-tomcat-3.3.1.jar:/home/long/.m2/repository/org/apache/tomcat/embed/tomcat-embed-core/10.1.25/tomcat-embed-core-10.1.25.jar:/home/long/.m2/repository/org/apache/tomcat/embed/tomcat-embed-el/10.1.25/tomcat-embed-el-10.1.25.jar:/home/long/.m2/repository/org/apache/tomcat/embed/tomcat-embed-websocket/10.1.25/tomcat-embed-websocket-10.1.25.jar:/home/long/.m2/repository/org/springframework/spring-web/6.1.10/spring-web-6.1.10.jar:/home/long/.m2/repository/org/springframework/spring-beans/6.1.10/spring-beans-6.1.10.jar:/home/long/.m2/repository/io/micrometer/micrometer-observation/1.13.1/micrometer-observation-1.13.1.jar:/home/long/.m2/repository/io/micrometer/micrometer-commons/1.13.1/micrometer-commons-1.13.1.jar:/home/long/.m2/repository/org/springframework/spring-webmvc/6.1.10/spring-webmvc-6.1.10.jar:/home/long/.m2/repository/org/springframework/spring-aop/6.1.10/spring-aop-6.1.10.jar:/home/long/.m2/repository/org/springframework/spring-context/6.1.10/spring-context-6.1.10.jar:/home/long/.m2/repository/org/springframework/spring-expression/6.1.10/spring-expression-6.1.10.jar:/home/long/.m2/repository/org/springframework/cloud/spring-cloud-function-web/4.1.2/spring-cloud-function-web-4.1.2.jar:/home/long/.m2/repository/org/springframework/cloud/spring-cloud-function-context/4.1.2/spring-cloud-function-context-4.1.2.jar:/home/long/.m2/repository/net/jodah/typetools/0.6.2/typetools-0.6.2.jar:/home/long/.m2/repository/org/springframework/cloud/spring-cloud-function-core/4.1.2/spring-cloud-function-core-4.1.2.jar:/home/long/.m2/repository/io/projectreactor/reactor-core/3.6.7/reactor-core-3.6.7.jar:/home/long/.m2/repository/org/reactivestreams/reactive-streams/1.0.4/reactive-streams-1.0.4.jar:/home/long/.m2/repository/org/springframework/spring-messaging/6.1.10/spring-messaging-6.1.10.jar:/home/long/.m2/repository/org/json/json/20240303/json-20240303.jar:/home/long/.m2/repository/org/springframework/boot/spring-boot-starter-test/3.3.1/spring-boot-starter-test-3.3.1.jar:/home/long/.m2/repository/org/springframework/boot/spring-boot-test/3.3.1/spring-boot-test-3.3.1.jar:/home/long/.m2/repository/org/springframework/boot/spring-boot-test-autoconfigure/3.3.1/spring-boot-test-autoconfigure-3.3.1.jar:/home/long/.m2/repository/com/jayway/jsonpath/json-path/2.9.0/json-path-2.9.0.jar:/home/long/.m2/repository/org/slf4j/slf4j-api/2.0.13/slf4j-api-2.0.13.jar:/home/long/.m2/repository/jakarta/xml/bind/jakarta.xml.bind-api/4.0.2/jakarta.xml.bind-api-4.0.2.jar:/home/long/.m2/repository/jakarta/activation/jakarta.activation-api/2.1.3/jakarta.activation-api-2.1.3.jar:/home/long/.m2/repository/net/minidev/json-smart/2.5.1/json-smart-2.5.1.jar:/home/long/.m2/repository/net/minidev/accessors-smart/2.5.1/accessors-smart-2.5.1.jar:/home/long/.m2/repository/org/ow2/asm/asm/9.6/asm-9.6.jar:/home/long/.m2/repository/org/assertj/assertj-core/3.25.3/assertj-core-3.25.3.jar:/home/long/.m2/repository/net/bytebuddy/byte-buddy/1.14.17/byte-buddy-1.14.17.jar:/home/long/.m2/repository/org/awaitility/awaitility/4.2.1/awaitility-4.2.1.jar:/home/long/.m2/repository/org/hamcrest/hamcrest/2.2/hamcrest-2.2.jar:/home/long/.m2/repository/org/junit/jupiter/junit-jupiter/5.10.2/junit-jupiter-5.10.2.jar:/home/long/.m2/repository/org/junit/jupiter/junit-jupiter-api/5.10.2/junit-jupiter-api-5.10.2.jar:/home/long/.m2/repository/org/opentest4j/opentest4j/1.3.0/opentest4j-1.3.0.jar:/home/long/.m2/repository/org/junit/platform/junit-platform-commons/1.10.2/junit-platform-commons-1.10.2.jar:/home/long/.m2/repository/org/apiguardian/apiguardian-api/1.1.2/apiguardian-api-1.1.2.jar:/home/long/.m2/repository/org/junit/jupiter/junit-jupiter-params/5.10.2/junit-jupiter-params-5.10.2.jar:/home/long/.m2/repository/org/junit/jupiter/junit-jupiter-engine/5.10.2/junit-jupiter-engine-5.10.2.jar:/home/long/.m2/repository/org/junit/platform/junit-platform-engine/1.10.2/junit-platform-engine-1.10.2.jar:/home/long/.m2/repository/org/mockito/mockito-core/5.11.0/mockito-core-5.11.0.jar:/home/long/.m2/repository/net/bytebuddy/byte-buddy-agent/1.14.17/byte-buddy-agent-1.14.17.jar:/home/long/.m2/repository/org/objenesis/objenesis/3.3/objenesis-3.3.jar:/home/long/.m2/repository/org/mockito/mockito-junit-jupiter/5.11.0/mockito-junit-jupiter-5.11.0.jar:/home/long/.m2/repository/org/skyscreamer/jsonassert/1.5.1/jsonassert-1.5.1.jar:/home/long/.m2/repository/com/vaadin/external/google/android-json/0.0.20131108.vaadin1/android-json-0.0.20131108.vaadin1.jar:/home/long/.m2/repository/org/springframework/spring-core/6.1.10/spring-core-6.1.10.jar:/home/long/.m2/repository/org/springframework/spring-jcl/6.1.10/spring-jcl-6.1.10.jar:/home/long/.m2/repository/org/springframework/spring-test/6.1.10/spring-test-6.1.10.jar:/home/long/.m2/repository/org/xmlunit/xmlunit-core/2.9.1/xmlunit-core-2.9.1.jar:/home/long/.m2/repository/org/springframework/cloud/spring-cloud-function-adapter-aws/4.1.2/spring-cloud-function-adapter-aws-4.1.2.jar:"/>
    <property name="java.vm.vendor" value="Oracle Corporation"/>
    <property name="sun.arch.data.model" value="64"/>
    <property name="java.vendor.url" value="https://java.oracle.com/"/>
    <property name="user.timezone" value="Europe/London"/>
    <property name="os.name" value="Linux"/>
    <property name="java.vm.specification.version" value="18"/>
    <property name="sun.java.launcher" value="SUN_STANDARD"/>
    <property name="user.country" value="GB"/>
    <property name="sun.boot.library.path" value="/home/long/.jdks/openjdk-18/lib"/>
    <property name="sun.java.command" value="/home/long/dev/ AWS/sb-j17/target/surefire/surefirebooter-20240625205106012_3.jar /home/long/dev/ AWS/sb-j17/target/surefire 2024-06-25T20-51-02_690-jvmRun1 surefire-20240625205106012_1tmp surefire_0-20240625205106012_2tmp"/>
    <property name="jdk.debug" value="release"/>
    <property name="surefire.test.class.path" value="/home/long/dev/ AWS/sb-j17/target/test-classes:/home/long/dev/ AWS/sb-j17/target/classes:/home/long/.m2/repository/org/springframework/boot/spring-boot-starter-web/3.3.1/spring-boot-starter-web-3.3.1.jar:/home/long/.m2/repository/org/springframework/boot/spring-boot-starter/3.3.1/spring-boot-starter-3.3.1.jar:/home/long/.m2/repository/org/springframework/boot/spring-boot/3.3.1/spring-boot-3.3.1.jar:/home/long/.m2/repository/org/springframework/boot/spring-boot-autoconfigure/3.3.1/spring-boot-autoconfigure-3.3.1.jar:/home/long/.m2/repository/org/springframework/boot/spring-boot-starter-logging/3.3.1/spring-boot-starter-logging-3.3.1.jar:/home/long/.m2/repository/ch/qos/logback/logback-classic/1.5.6/logback-classic-1.5.6.jar:/home/long/.m2/repository/ch/qos/logback/logback-core/1.5.6/logback-core-1.5.6.jar:/home/long/.m2/repository/org/apache/logging/log4j/log4j-to-slf4j/2.23.1/log4j-to-slf4j-2.23.1.jar:/home/long/.m2/repository/org/apache/logging/log4j/log4j-api/2.23.1/log4j-api-2.23.1.jar:/home/long/.m2/repository/org/slf4j/jul-to-slf4j/2.0.13/jul-to-slf4j-2.0.13.jar:/home/long/.m2/repository/jakarta/annotation/jakarta.annotation-api/2.1.1/jakarta.annotation-api-2.1.1.jar:/home/long/.m2/repository/org/yaml/snakeyaml/2.2/snakeyaml-2.2.jar:/home/long/.m2/repository/org/springframework/boot/spring-boot-starter-json/3.3.1/spring-boot-starter-json-3.3.1.jar:/home/long/.m2/repository/com/fasterxml/jackson/core/jackson-databind/2.17.1/jackson-databind-2.17.1.jar:/home/long/.m2/repository/com/fasterxml/jackson/core/jackson-annotations/2.17.1/jackson-annotations-2.17.1.jar:/home/long/.m2/repository/com/fasterxml/jackson/core/jackson-core/2.17.1/jackson-core-2.17.1.jar:/home/long/.m2/repository/com/fasterxml/jackson/datatype/jackson-datatype-jdk8/2.17.1/jackson-datatype-jdk8-2.17.1.jar:/home/long/.m2/repository/com/fasterxml/jackson/datatype/jackson-datatype-jsr310/2.17.1/jackson-datatype-jsr310-2.17.1.jar:/home/long/.m2/repository/com/fasterxml/jackson/module/jackson-module-parameter-names/2.17.1/jackson-module-parameter-names-2.17.1.jar:/home/long/.m2/repository/org/springframework/boot/spring-boot-starter-tomcat/3.3.1/spring-boot-starter-tomcat-3.3.1.jar:/home/long/.m2/repository/org/apache/tomcat/embed/tomcat-embed-core/10.1.25/tomcat-embed-core-10.1.25.jar:/home/long/.m2/repository/org/apache/tomcat/embed/tomcat-embed-el/10.1.25/tomcat-embed-el-10.1.25.jar:/home/long/.m2/repository/org/apache/tomcat/embed/tomcat-embed-websocket/10.1.25/tomcat-embed-websocket-10.1.25.jar:/home/long/.m2/repository/org/springframework/spring-web/6.1.10/spring-web-6.1.10.jar:/home/long/.m2/repository/org/springframework/spring-beans/6.1.10/spring-beans-6.1.10.jar:/home/long/.m2/repository/io/micrometer/micrometer-observation/1.13.1/micrometer-observation-1.13.1.jar:/home/long/.m2/repository/io/micrometer/micrometer-commons/1.13.1/micrometer-commons-1.13.1.jar:/home/long/.m2/repository/org/springframework/spring-webmvc/6.1.10/spring-webmvc-6.1.10.jar:/home/long/.m2/repository/org/springframework/spring-aop/6.1.10/spring-aop-6.1.10.jar:/home/long/.m2/repository/org/springframework/spring-context/6.1.10/spring-context-6.1.10.jar:/home/long/.m2/repository/org/springframework/spring-expression/6.1.10/spring-expression-6.1.10.jar:/home/long/.m2/repository/org/springframework/cloud/spring-cloud-function-web/4.1.2/spring-cloud-function-web-4.1.2.jar:/home/long/.m2/repository/org/springframework/cloud/spring-cloud-function-context/4.1.2/spring-cloud-function-context-4.1.2.jar:/home/long/.m2/repository/net/jodah/typetools/0.6.2/typetools-0.6.2.jar:/home/long/.m2/repository/org/springframework/cloud/spring-cloud-function-core/4.1.2/spring-cloud-function-core-4.1.2.jar:/home/long/.m2/repository/io/projectreactor/reactor-core/3.6.7/reactor-core-3.6.7.jar:/home/long/.m2/repository/org/reactivestreams/reactive-streams/1.0.4/reactive-streams-1.0.4.jar:/home/long/.m2/repository/org/springframework/spring-messaging/6.1.10/spring-messaging-6.1.10.jar:/home/long/.m2/repository/org/json/json/20240303/json-20240303.jar:/home/long/.m2/repository/org/springframework/boot/spring-boot-starter-test/3.3.1/spring-boot-starter-test-3.3.1.jar:/home/long/.m2/repository/org/springframework/boot/spring-boot-test/3.3.1/spring-boot-test-3.3.1.jar:/home/long/.m2/repository/org/springframework/boot/spring-boot-test-autoconfigure/3.3.1/spring-boot-test-autoconfigure-3.3.1.jar:/home/long/.m2/repository/com/jayway/jsonpath/json-path/2.9.0/json-path-2.9.0.jar:/home/long/.m2/repository/org/slf4j/slf4j-api/2.0.13/slf4j-api-2.0.13.jar:/home/long/.m2/repository/jakarta/xml/bind/jakarta.xml.bind-api/4.0.2/jakarta.xml.bind-api-4.0.2.jar:/home/long/.m2/repository/jakarta/activation/jakarta.activation-api/2.1.3/jakarta.activation-api-2.1.3.jar:/home/long/.m2/repository/net/minidev/json-smart/2.5.1/json-smart-2.5.1.jar:/home/long/.m2/repository/net/minidev/accessors-smart/2.5.1/accessors-smart-2.5.1.jar:/home/long/.m2/repository/org/ow2/asm/asm/9.6/asm-9.6.jar:/home/long/.m2/repository/org/assertj/assertj-core/3.25.3/assertj-core-3.25.3.jar:/home/long/.m2/repository/net/bytebuddy/byte-buddy/1.14.17/byte-buddy-1.14.17.jar:/home/long/.m2/repository/org/awaitility/awaitility/4.2.1/awaitility-4.2.1.jar:/home/long/.m2/repository/org/hamcrest/hamcrest/2.2/hamcrest-2.2.jar:/home/long/.m2/repository/org/junit/jupiter/junit-jupiter/5.10.2/junit-jupiter-5.10.2.jar:/home/long/.m2/repository/org/junit/jupiter/junit-jupiter-api/5.10.2/junit-jupiter-api-5.10.2.jar:/home/long/.m2/repository/org/opentest4j/opentest4j/1.3.0/opentest4j-1.3.0.jar:/home/long/.m2/repository/org/junit/platform/junit-platform-commons/1.10.2/junit-platform-commons-1.10.2.jar:/home/long/.m2/repository/org/apiguardian/apiguardian-api/1.1.2/apiguardian-api-1.1.2.jar:/home/long/.m2/repository/org/junit/jupiter/junit-jupiter-params/5.10.2/junit-jupiter-params-5.10.2.jar:/home/long/.m2/repository/org/junit/jupiter/junit-jupiter-engine/5.10.2/junit-jupiter-engine-5.10.2.jar:/home/long/.m2/repository/org/junit/platform/junit-platform-engine/1.10.2/junit-platform-engine-1.10.2.jar:/home/long/.m2/repository/org/mockito/mockito-core/5.11.0/mockito-core-5.11.0.jar:/home/long/.m2/repository/net/bytebuddy/byte-buddy-agent/1.14.17/byte-buddy-agent-1.14.17.jar:/home/long/.m2/repository/org/objenesis/objenesis/3.3/objenesis-3.3.jar:/home/long/.m2/repository/org/mockito/mockito-junit-jupiter/5.11.0/mockito-junit-jupiter-5.11.0.jar:/home/long/.m2/repository/org/skyscreamer/jsonassert/1.5.1/jsonassert-1.5.1.jar:/home/long/.m2/repository/com/vaadin/external/google/android-json/0.0.20131108.vaadin1/android-json-0.0.20131108.vaadin1.jar:/home/long/.m2/repository/org/springframework/spring-core/6.1.10/spring-core-6.1.10.jar:/home/long/.m2/repository/org/springframework/spring-jcl/6.1.10/spring-jcl-6.1.10.jar:/home/long/.m2/repository/org/springframework/spring-test/6.1.10/spring-test-6.1.10.jar:/home/long/.m2/repository/org/xmlunit/xmlunit-core/2.9.1/xmlunit-core-2.9.1.jar:/home/long/.m2/repository/org/springframework/cloud/spring-cloud-function-adapter-aws/4.1.2/spring-cloud-function-adapter-aws-4.1.2.jar:"/>
    <property name="sun.cpu.endian" value="little"/>
    <property name="user.home" value="/home/long"/>
    <property name="user.language" value="en"/>
    <property name="java.specification.vendor" value="Oracle Corporation"/>
    <property name="java.version.date" value="2022-03-22"/>
    <property name="java.home" value="/home/long/.jdks/openjdk-18"/>
    <property name="file.separator" value="/"/>
    <property name="basedir" value="/home/long/dev/ AWS/sb-j17"/>
    <property name="java.vm.compressedOopsMode" value="Zero based"/>
    <property name="line.separator" value="&#10;"/>
    <property name="java.specification.name" value="Java Platform API Specification"/>
    <property name="java.vm.specification.vendor" value="Oracle Corporation"/>
    <property name="FILE_LOG_CHARSET" value="UTF-8"/>
    <property name="java.awt.headless" value="true"/>
    <property name="surefire.real.class.path" value="/home/long/dev/ AWS/sb-j17/target/surefire/surefirebooter-20240625205106012_3.jar"/>
    <property name="sun.management.compiler" value="HotSpot 64-Bit Tiered Compilers"/>
    <property name="java.runtime.version" value="18+36-2087"/>
    <property name="user.name" value="long"/>
    <property name="path.separator" value=":"/>
    <property name="os.version" value="5.4.0-186-generic"/>
    <property name="java.runtime.name" value="OpenJDK Runtime Environment"/>
    <property name="file.encoding" value="UTF-8"/>
    <property name="java.vm.name" value="OpenJDK 64-Bit Server VM"/>
    <property name="localRepository" value="/home/long/.m2/repository"/>
    <property name="java.vendor.url.bug" value="https://bugreport.java.com/bugreport/"/>
    <property name="java.io.tmpdir" value="/tmp"/>
    <property name="idea.version" value="2024.1.4"/>
    <property name="java.version" value="18"/>
    <property name="user.dir" value="/home/long/dev/ AWS/sb-j17"/>
    <property name="os.arch" value="amd64"/>
    <property name="java.vm.specification.name" value="Java Virtual Machine Specification"/>
    <property name="PID" value="2490"/>
    <property name="CONSOLE_LOG_CHARSET" value="UTF-8"/>
    <property name="native.encoding" value="UTF-8"/>
    <property name="java.library.path" value=":/usr/java/packages/lib:/usr/lib64:/lib64:/lib:/usr/lib"/>
    <property name="java.vm.info" value="mixed mode, sharing"/>
    <property name="java.vendor" value="Oracle Corporation"/>
    <property name="java.vm.version" value="18+36-2087"/>
    <property name="sun.io.unicode.encoding" value="UnicodeLittle"/>
    <property name="java.class.version" value="62.0"/>
    <property name="LOGGED_APPLICATION_NAME" value="[sb-j17] "/>
  </properties>
  <testcase name="contextLoads" classname="dev.longluong.sb_j17.SbJ17ApplicationTests" time="0.756">
    <system-out><![CDATA[20:51:06.702 [main] INFO org.springframework.test.context.support.AnnotationConfigContextLoaderUtils -- Could not detect default configuration classes for test class [dev.longluong.sb_j17.SbJ17ApplicationTests]: SbJ17ApplicationTests does not declare any static, non-private, non-final, nested classes annotated with @Configuration.
20:51:06.808 [main] INFO org.springframework.boot.test.context.SpringBootTestContextBootstrapper -- Found @SpringBootConfiguration dev.longluong.sb_j17.Application for test class dev.longluong.sb_j17.SbJ17ApplicationTests

  .   ____          _            __ _ _
 /\\ / ___'_ __ _ _(_)_ __  __ _ \ \ \ \
( ( )\___ | '_ | '_| | '_ \/ _` | \ \ \ \
 \\/  ___)| |_)| | | | | || (_| |  ) ) ) )
  '  |____| .__|_| |_|_| |_\__, | / / / /
 =========|_|==============|___/=/_/_/_/

 :: Spring Boot ::                (v3.3.1)

2024-06-25T20:51:07.147+01:00  WARN 2490 --- [sb-j17] [           main] ory$DuplicateJsonObjectContextCustomizer : 

Found multiple occurrences of org.json.JSONObject on the class path:

	jar:file:/home/long/.m2/repository/org/json/json/20240303/json-20240303.jar!/org/json/JSONObject.class
	jar:file:/home/long/.m2/repository/com/vaadin/external/google/android-json/0.0.20131108.vaadin1/android-json-0.0.20131108.vaadin1.jar!/org/json/JSONObject.class

You may wish to exclude one of them to ensure predictable runtime behavior

2024-06-25T20:51:07.170+01:00  INFO 2490 --- [sb-j17] [           main] d.l.sb_j17.SbJ17ApplicationTests         : Starting SbJ17ApplicationTests using Java 18 with PID 2490 (started by long in /home/long/dev/ AWS/sb-j17)
2024-06-25T20:51:07.171+01:00  INFO 2490 --- [sb-j17] [           main] d.l.sb_j17.SbJ17ApplicationTests         : No active profile set, falling back to 1 default profile: "default"
2024-06-25T20:51:08.268+01:00  INFO 2490 --- [sb-j17] [           main] o.s.c.f.web.mvc.FunctionHandlerMapping   : FunctionCatalog: org.springframework.cloud.function.context.catalog.BeanFactoryAwareFunctionRegistry@6e03db1f
2024-06-25T20:51:08.296+01:00  INFO 2490 --- [sb-j17] [           main] d.l.sb_j17.SbJ17ApplicationTests         : Started SbJ17ApplicationTests in 1.371 seconds (process running for 2.223)
]]></system-out>
  </testcase>
</testsuite>